npm verb cli C:\Program Files\nodejs\node.exe C:\Program Files\nodejs\node_modules\npm\bin\npm-cli.js
npm info using npm@9.5.0
npm info using node@v18.14.2
npm verb title npm install
npm verb argv "install" "--legacy-peer-deps" "--loglevel" "verbose"
npm verb logfile logs-max:10 dir:C:\Users\admin\AppData\Local\npm-cache\_logs\2023-06-08T12_13_42_407Z-
npm verb logfile C:\Users\admin\AppData\Local\npm-cache\_logs\2023-06-08T12_13_42_407Z-debug-0.log
npm http fetch GET 200 https://registry.npmjs.org/@synthetixio%2fsynpress 3238ms (cache revalidated)
npm http fetch GET 200 https://registry.npmjs.org/browserstack-cypress-cli 1215ms (cache revalidated)
npm http fetch GET 200 https://registry.npmjs.org/chai 66ms (cache revalidated)
npm http fetch GET 200 https://registry.npmjs.org/cypress 82ms (cache revalidated)
npm http fetch GET 200 https://registry.npmjs.org/cypress-xpath 92ms (cache revalidated)
npm http fetch GET 200 https://registry.npmjs.org/mocha 74ms (cache revalidated)
npm http fetch GET 200 https://registry.npmjs.org/@playwright%2ftest 384ms (cache revalidated)
npm http fetch GET 200 https://registry.npmjs.org/axios 460ms (cache revalidated)
npm http fetch GET 200 https://registry.npmjs.org/app-root-path 468ms (cache revalidated)
npm http fetch GET 200 https://registry.npmjs.org/babel-plugin-istanbul 492ms (cache revalidated)
npm http fetch GET 200 https://registry.npmjs.org/@types%2ftesting-library__cypress 511ms (cache revalidated)
npm http fetch GET 200 https://registry.npmjs.org/commander 515ms (cache revalidated)
npm http fetch GET 200 https://registry.npmjs.org/babel-plugin-react-generate-property 523ms (cache revalidated)
npm http fetch GET 200 https://registry.npmjs.org/@testing-library%2freact 542ms (cache revalidated)
npm http fetch GET 200 https://registry.npmjs.org/dotenv-parse-variables 592ms (cache revalidated)
npm http fetch GET 200 https://registry.npmjs.org/debug 598ms (cache revalidated)
npm http fetch GET 200 https://registry.npmjs.org/download 597ms (cache revalidated)
npm http fetch GET 200 https://registry.npmjs.org/ethers 601ms (cache revalidated)
npm http fetch GET 200 https://registry.npmjs.org/find-config 666ms (cache revalidated)
npm http fetch GET 200 https://registry.npmjs.org/underscore 666ms (cache revalidated)
npm http fetch GET 200 https://registry.npmjs.org/dotenv 686ms (cache revalidated)
npm http fetch GET 200 https://registry.npmjs.org/archiver 733ms (cache revalidated)
npm http fetch GET 200 https://registry.npmjs.org/get-port 753ms (cache revalidated)
npm http fetch GET 200 https://registry.npmjs.org/wait-on 753ms (cache revalidated)
npm http fetch GET 200 https://registry.npmjs.org/node-fetch 790ms (cache revalidated)
npm http fetch GET 200 https://registry.npmjs.org/cli-progress 820ms (cache revalidated)
npm http fetch GET 200 https://registry.npmjs.org/viem 845ms (cache revalidated)
npm http fetch GET 200 https://registry.npmjs.org/async 878ms (cache revalidated)
npm http fetch GET 200 https://registry.npmjs.org/fs-extra 905ms (cache revalidated)
npm http fetch GET 200 https://registry.npmjs.org/chalk 986ms (cache revalidated)
npm http fetch GET 200 https://registry.npmjs.org/requestretry 1075ms (cache revalidated)
npm http fetch GET 200 https://registry.npmjs.org/request 1138ms (cache revalidated)
npm http fetch GET 200 https://registry.npmjs.org/glob 1210ms (cache revalidated)
npm http fetch GET 200 https://registry.npmjs.org/table 1273ms (cache revalidated)
npm http fetch GET 200 https://registry.npmjs.org/unzipper 1344ms (cache revalidated)
npm http fetch GET 200 https://registry.npmjs.org/update-notifier 1423ms (cache revalidated)
npm http fetch GET 200 https://registry.npmjs.org/winston 1522ms (cache revalidated)
npm http fetch GET 200 https://registry.npmjs.org/babel-plugin-transform-react-qa-classes 1564ms (cache revalidated)
npm http fetch GET 200 https://registry.npmjs.org/babel-plugin-react-remove-properties 1624ms (cache revalidated)
npm http fetch GET 200 https://registry.npmjs.org/babel-plugin-transform-react-styled-components-qa 1624ms (cache revalidated)
npm http fetch GET 200 https://registry.npmjs.org/mkdirp 1601ms (cache revalidated)
npm http fetch GET 200 https://registry.npmjs.org/uuid 1603ms (cache revalidated)
npm http fetch GET 200 https://registry.npmjs.org/cypress-wait-until 1650ms (cache revalidated)
npm http fetch GET 200 https://registry.npmjs.org/pathval 1630ms (cache revalidated)
npm http fetch GET 200 https://registry.npmjs.org/yargs 1651ms (cache revalidated)
npm http fetch GET 200 https://registry.npmjs.org/assertion-error 1655ms (cache revalidated)
npm http fetch GET 200 https://registry.npmjs.org/loupe 1653ms (cache revalidated)
npm http fetch GET 200 https://registry.npmjs.org/deep-eql 1677ms (cache revalidated)
npm http fetch GET 200 https://registry.npmjs.org/check-error 1683ms (cache revalidated)
npm http fetch GET 200 https://registry.npmjs.org/type-detect 1696ms (cache revalidated)
npm http fetch GET 200 https://registry.npmjs.org/bytes32 1761ms (cache revalidated)
npm http fetch GET 200 https://registry.npmjs.org/get-func-name 1729ms (cache revalidated)
npm http fetch GET 200 https://registry.npmjs.org/@cypress%2fxvfb 1747ms (cache revalidated)
npm http fetch GET 200 https://registry.npmjs.org/@types%2fnode 1755ms (cache revalidated)
npm http fetch GET 200 https://registry.npmjs.org/@types%2fsizzle 1792ms (cache revalidated)
npm http fetch GET 200 https://registry.npmjs.org/etherscan-api 1826ms (cache revalidated)
npm http fetch GET 200 https://registry.npmjs.org/@types%2fsinonjs__fake-timers 1794ms (cache revalidated)
npm http fetch GET 200 https://registry.npmjs.org/bluebird 1793ms (cache revalidated)
npm http fetch GET 200 https://registry.npmjs.org/arch 1803ms (cache revalidated)
npm http fetch GET 200 https://registry.npmjs.org/blob-util 1811ms (cache revalidated)
npm http fetch GET 200 https://registry.npmjs.org/check-more-types 1830ms (cache revalidated)
npm http fetch GET 200 https://registry.npmjs.org/chalk 1835ms (cache revalidated)
npm http fetch GET 200 https://registry.npmjs.org/buffer 1850ms (cache revalidated)
npm http fetch GET 200 https://registry.npmjs.org/cachedir 1858ms (cache revalidated)
npm http fetch GET 200 https://registry.npmjs.org/eventemitter2 1874ms (cache revalidated)
npm http fetch GET 200 https://registry.npmjs.org/commander 1880ms (cache revalidated)
npm http fetch GET 200 https://registry.npmjs.org/common-tags 1890ms (cache revalidated)
npm http fetch GET 200 https://registry.npmjs.org/cli-table3 1898ms (cache revalidated)
npm http fetch GET 200 https://registry.npmjs.org/cli-cursor 1900ms (cache revalidated)
npm http fetch GET 200 https://registry.npmjs.org/fs-extra 1895ms (cache revalidated)
npm http fetch GET 200 https://registry.npmjs.org/execa 1928ms (cache revalidated)
npm http fetch GET 200 https://registry.npmjs.org/browserstack-local 1970ms (cache revalidated)
npm http fetch GET 200 https://registry.npmjs.org/is-ci 1935ms (cache revalidated)
npm http fetch GET 200 https://registry.npmjs.org/dayjs 1947ms (cache revalidated)
npm http fetch GET 200 https://registry.npmjs.org/getos 1949ms (cache revalidated)
npm http fetch GET 200 https://registry.npmjs.org/enquirer 1955ms (cache revalidated)
npm http fetch GET 200 https://registry.npmjs.org/figures 1974ms (cache revalidated)
npm http fetch GET 200 https://registry.npmjs.org/executable 1982ms (cache revalidated)
npm http fetch GET 200 https://registry.npmjs.org/extract-zip 1985ms (cache revalidated)
npm http fetch GET 200 https://registry.npmjs.org/is-installed-globally 1990ms (cache revalidated)
npm http fetch GET 200 https://registry.npmjs.org/lazy-ass 1995ms (cache revalidated)
npm http fetch GET 200 https://registry.npmjs.org/log-symbols 1995ms (cache revalidated)
npm http fetch GET 200 https://registry.npmjs.org/lodash 2016ms (cache revalidated)
npm http fetch GET 200 https://registry.npmjs.org/listr2 2031ms (cache revalidated)
npm http fetch GET 200 https://registry.npmjs.org/minimist 2036ms (cache revalidated)
npm http fetch GET 200 https://registry.npmjs.org/getmac 2085ms (cache revalidated)
npm http fetch GET 200 https://registry.npmjs.org/supports-color 2040ms (cache revalidated)
npm http fetch GET 200 https://registry.npmjs.org/request-progress 2047ms (cache revalidated)
npm http fetch GET 200 https://registry.npmjs.org/pretty-bytes 2052ms (cache revalidated)
npm http fetch GET 200 https://registry.npmjs.org/ospath 2057ms (cache revalidated)
npm http fetch GET 200 https://registry.npmjs.org/@testing-library%2fcypress 2130ms (cache revalidated)
npm http fetch GET 200 https://registry.npmjs.org/untildify 2054ms (cache revalidated)
npm http fetch GET 200 https://registry.npmjs.org/semver 2078ms (cache revalidated)
npm http fetch GET 200 https://registry.npmjs.org/proxy-from-env 2085ms (cache revalidated)
npm http fetch GET 200 https://registry.npmjs.org/tmp 2083ms (cache revalidated)
npm http fetch GET 200 https://registry.npmjs.org/yauzl 2088ms (cache revalidated)
npm http fetch GET 200 https://registry.npmjs.org/browser-stdout 2102ms (cache revalidated)
npm http fetch GET 200 https://registry.npmjs.org/ansi-colors 2104ms (cache revalidated)
npm http fetch GET 200 https://registry.npmjs.org/chokidar 2104ms (cache revalidated)
npm http fetch GET 200 https://registry.npmjs.org/find-up 2105ms (cache revalidated)
npm http fetch GET 200 https://registry.npmjs.org/diff 2125ms (cache revalidated)
npm http fetch GET 200 https://registry.npmjs.org/he 2124ms (cache revalidated)
npm http fetch GET 200 https://registry.npmjs.org/log-symbols 2131ms (cache revalidated)
npm http fetch GET 200 https://registry.npmjs.org/js-yaml 2136ms (cache revalidated)
npm http fetch GET 200 https://registry.npmjs.org/debug 2146ms (cache revalidated)
npm http fetch GET 200 https://registry.npmjs.org/nanoid 2137ms (cache revalidated)
npm http fetch GET 200 https://registry.npmjs.org/ms 2157ms (cache revalidated)
npm http fetch GET 200 https://registry.npmjs.org/escape-string-regexp 2169ms (cache revalidated)
npm http fetch GET 200 https://registry.npmjs.org/serialize-javascript 2164ms (cache revalidated)
npm http fetch GET 200 https://registry.npmjs.org/strip-json-comments 2168ms (cache revalidated)
npm http fetch GET 200 https://registry.npmjs.org/yargs 2167ms (cache revalidated)
npm http fetch GET 200 https://registry.npmjs.org/minimatch 2189ms (cache revalidated)
npm http fetch GET 200 https://registry.npmjs.org/supports-color 2189ms (cache revalidated)
npm http fetch GET 200 https://registry.npmjs.org/workerpool 2196ms (cache revalidated)
npm http fetch GET 200 https://registry.npmjs.org/yargs-parser 2197ms (cache revalidated)
npm http fetch GET 200 https://registry.npmjs.org/yargs-unparser 2200ms (cache revalidated)
npm http fetch GET 200 https://registry.npmjs.org/@viem%2fanvil 2876ms (cache revalidated)
npm http fetch GET 200 https://registry.npmjs.org/@drptbl%2fgremlins.js 2954ms (cache revalidated)
npm http fetch GET 200 https://registry.npmjs.org/@cypress%2fwebpack-dev-server 3157ms (cache revalidated)
npm http fetch GET 200 https://registry.npmjs.org/@cypress%2fcode-coverage 3179ms (cache revalidated)
npm http fetch GET 200 https://registry.npmjs.org/@foundry-rs%2feasy-foundryup 3721ms (cache revalidated)
npm http fetch GET 200 https://registry.npmjs.org/@cypress%2frequest 4089ms (cache revalidated)
npm http fetch GET 200 https://registry.npmjs.org/local-pkg 194ms (cache revalidated)
npm http fetch GET 200 https://registry.npmjs.org/globby 200ms (cache revalidated)
npm http fetch GET 200 https://registry.npmjs.org/fsevents 192ms (cache revalidated)
npm http fetch GET 200 https://registry.npmjs.org/html-webpack-plugin 202ms (cache revalidated)
npm http fetch GET 200 https://registry.npmjs.org/tslib 210ms (cache revalidated)
npm http fetch GET 200 https://registry.npmjs.org/webpack-merge 210ms (cache revalidated)
npm http fetch GET 200 https://registry.npmjs.org/nyc 218ms (cache revalidated)
npm http fetch GET 200 https://registry.npmjs.org/webpack-dev-server 215ms (cache revalidated)
npm http fetch GET 200 https://registry.npmjs.org/istanbul-lib-coverage 231ms (cache revalidated)
npm http fetch GET 200 https://registry.npmjs.org/html-webpack-plugin 238ms (cache revalidated)
npm http fetch GET 200 https://registry.npmjs.org/chance 236ms (cache revalidated)
npm http fetch GET 200 https://registry.npmjs.org/speed-measure-webpack-plugin 241ms (cache revalidated)
npm http fetch GET 200 https://registry.npmjs.org/@babel%2fruntime 233ms (cache revalidated)
npm http fetch GET 200 https://registry.npmjs.org/ts-interface-checker 241ms (cache revalidated)
npm http fetch GET 200 https://registry.npmjs.org/command-exists 244ms (cache revalidated)
npm http fetch GET 200 https://registry.npmjs.org/core-js 246ms (cache revalidated)
npm http fetch GET 200 https://registry.npmjs.org/@babel%2fruntime 256ms (cache revalidated)
npm http fetch GET 200 https://registry.npmjs.org/playwright-core 271ms (cache revalidated)
npm http fetch GET 200 https://registry.npmjs.org/http-proxy 322ms (cache revalidated)
npm http fetch GET 200 https://registry.npmjs.org/@types%2freact-dom 339ms (cache revalidated)
npm http fetch GET 200 https://registry.npmjs.org/istanbul-lib-instrument 332ms (cache revalidated)
npm http fetch GET 200 https://registry.npmjs.org/form-data 337ms (cache revalidated)
npm http fetch GET 200 https://registry.npmjs.org/lodash.kebabcase 330ms (cache revalidated)
npm http fetch GET 200 https://registry.npmjs.org/@testing-library%2fdom 342ms (cache revalidated)
npm http fetch GET 200 https://registry.npmjs.org/@testing-library%2fdom 351ms (cache revalidated)
npm http fetch GET 200 https://registry.npmjs.org/@testing-library%2fdom 357ms (cache revalidated)
npm http fetch GET 200 https://registry.npmjs.org/lodash.snakecase 350ms (cache revalidated)
npm http fetch GET 200 https://registry.npmjs.org/babel-types 352ms (cache revalidated)
npm http fetch GET 200 https://registry.npmjs.org/ws 360ms (cache revalidated)
npm http fetch GET 200 https://registry.npmjs.org/@babel%2fhelper-plugin-utils 361ms (cache revalidated)
npm http fetch GET 200 https://registry.npmjs.org/@istanbuljs%2fschema 362ms (cache revalidated)
npm http fetch GET 200 https://registry.npmjs.org/follow-redirects 367ms (cache revalidated)
npm http fetch GET 200 https://registry.npmjs.org/pascalcase 361ms (cache revalidated)
npm http fetch GET 200 https://registry.npmjs.org/test-exclude 370ms (cache revalidated)
npm http fetch GET 200 https://registry.npmjs.org/lodash.isstring 370ms (cache revalidated)
npm http fetch GET 200 https://registry.npmjs.org/lodash.upperfirst 368ms (cache revalidated)
npm http fetch GET 200 https://registry.npmjs.org/filenamify 358ms (cache revalidated)
npm http fetch GET 200 https://registry.npmjs.org/archive-type 363ms (cache revalidated)
npm http fetch GET 200 https://registry.npmjs.org/content-disposition 365ms (cache revalidated)
npm http fetch GET 200 https://registry.npmjs.org/@istanbuljs%2fload-nyc-config 386ms (cache revalidated)
npm http fetch GET 200 https://registry.npmjs.org/make-dir 371ms (cache revalidated)
npm http fetch GET 200 https://registry.npmjs.org/lodash.camelcase 388ms (cache revalidated)
npm http fetch GET 200 https://registry.npmjs.org/ext-name 379ms (cache revalidated)
npm http fetch GET 200 https://registry.npmjs.org/file-type 391ms (cache revalidated)
npm http fetch GET 200 https://registry.npmjs.org/decompress 394ms (cache revalidated)
npm http fetch GET 200 https://registry.npmjs.org/pify 401ms (cache revalidated)
npm http fetch GET 200 https://registry.npmjs.org/got 404ms (cache revalidated)
npm http fetch GET 200 https://registry.npmjs.org/get-stream 414ms (cache revalidated)
npm http fetch GET 200 https://registry.npmjs.org/p-event 414ms (cache revalidated)
npm http fetch GET 200 https://registry.npmjs.org/ws 411ms (cache revalidated)
npm http fetch GET 200 https://registry.npmjs.org/whatwg-url 413ms (cache revalidated)
npm http fetch GET 200 https://registry.npmjs.org/tslib 435ms (cache revalidated)
npm http fetch GET 200 https://registry.npmjs.org/querystring 443ms (cache revalidated)
npm http fetch GET 200 https://registry.npmjs.org/user-home 452ms (cache revalidated)
npm http fetch GET 200 https://registry.npmjs.org/gh-pages 466ms (cache revalidated)
npm http fetch GET 200 https://registry.npmjs.org/aes-js 477ms (cache revalidated)
npm http fetch GET 200 https://registry.npmjs.org/isomorphic-ws 464ms (cache revalidated)
npm http fetch GET 200 https://registry.npmjs.org/joi 478ms (cache revalidated)
npm http fetch GET 200 https://registry.npmjs.org/ws 521ms (cache revalidated)
npm http fetch GET 200 https://registry.npmjs.org/rxjs 528ms (cache revalidated)
npm http fetch GET 200 https://registry.npmjs.org/@cypress%2fwebpack-preprocessor 606ms (cache revalidated)
npm http fetch GET 200 https://registry.npmjs.org/@adraffy%2fens-normalize 888ms (cache revalidated)
npm http fetch GET 200 https://registry.npmjs.org/@scure%2fbip32 889ms (cache revalidated)
npm http fetch GET 200 https://registry.npmjs.org/@scure%2fbip39 896ms (cache revalidated)
npm http fetch GET 200 https://registry.npmjs.org/@adraffy%2fens-normalize 979ms (cache revalidated)
npm http fetch GET 200 https://registry.npmjs.org/@wagmi%2fchains 973ms (cache revalidated)
npm http fetch GET 200 https://registry.npmjs.org/@noble%2fcurves 1040ms (cache revalidated)
npm http fetch GET 200 https://registry.npmjs.org/is-string-and-not-blank 1446ms (cache revalidated)
npm http fetch GET 200 https://registry.npmjs.org/abitype 1676ms (cache revalidated)
npm http fetch GET 200 https://registry.npmjs.org/@noble%2fhashes 3113ms (cache revalidated)
npm http fetch GET 200 https://registry.npmjs.org/@noble%2fhashes 3149ms (cache revalidated)
npm http fetch GET 200 https://registry.npmjs.org/@noble%2fsecp256k1 3168ms (cache revalidated)
npm http fetch GET 200 https://registry.npmjs.org/cross-spawn 117ms (cache revalidated)
npm http fetch GET 200 https://registry.npmjs.org/merge-stream 120ms (cache revalidated)
npm http fetch GET 200 https://registry.npmjs.org/npm-run-path 123ms (cache revalidated)
npm http fetch GET 200 https://registry.npmjs.org/strip-final-newline 123ms (cache revalidated)
npm http fetch GET 200 https://registry.npmjs.org/human-signals 129ms (cache revalidated)
npm http fetch GET 200 https://registry.npmjs.org/onetime 128ms (cache revalidated)
npm http fetch GET 200 https://registry.npmjs.org/merge2 123ms (cache revalidated)
npm http fetch GET 200 https://registry.npmjs.org/dir-glob 132ms (cache revalidated)
npm http fetch GET 200 https://registry.npmjs.org/is-stream 138ms (cache revalidated)
npm http fetch GET 200 https://registry.npmjs.org/slash 129ms (cache revalidated)
npm http fetch GET 200 https://registry.npmjs.org/fast-glob 134ms (cache revalidated)
npm http fetch GET 200 https://registry.npmjs.org/ansi-styles 145ms (cache revalidated)
npm http fetch GET 200 https://registry.npmjs.org/ignore 136ms (cache revalidated)
npm http fetch GET 200 https://registry.npmjs.org/signal-exit 173ms (cache revalidated)
npm http fetch GET 200 https://registry.npmjs.org/array-union 186ms (cache revalidated)
npm http fetch GET 200 https://registry.npmjs.org/get-package-type 176ms (cache revalidated)
npm http fetch GET 200 https://registry.npmjs.org/argparse 182ms (cache revalidated)
npm http fetch GET 200 https://registry.npmjs.org/caching-transform 183ms (cache revalidated)
npm http fetch GET 200 https://registry.npmjs.org/foreground-child 184ms (cache revalidated)
npm http fetch GET 200 https://registry.npmjs.org/convert-source-map 192ms (cache revalidated)
npm http fetch GET 200 https://registry.npmjs.org/istanbul-lib-processinfo 187ms (cache revalidated)
npm http fetch GET 200 https://registry.npmjs.org/decamelize 192ms (cache revalidated)
npm http fetch GET 200 https://registry.npmjs.org/resolve-from 185ms (cache revalidated)
npm http fetch GET 200 https://registry.npmjs.org/istanbul-lib-report 190ms (cache revalidated)
npm http fetch GET 200 https://registry.npmjs.org/istanbul-lib-hook 191ms (cache revalidated)
npm http fetch GET 200 https://registry.npmjs.org/istanbul-lib-source-maps 190ms (cache revalidated)
npm http fetch GET 200 https://registry.npmjs.org/istanbul-reports 208ms (cache revalidated)
npm http fetch GET 200 https://registry.npmjs.org/spawn-wrap 208ms (cache revalidated)
npm http fetch GET 200 https://registry.npmjs.org/p-map 211ms (cache revalidated)
npm http fetch GET 200 https://registry.npmjs.org/rimraf 233ms (cache revalidated)
npm http fetch GET 200 https://registry.npmjs.org/node-preload 245ms (cache revalidated)
npm http fetch GET 200 https://registry.npmjs.org/process-on-spawn 262ms (cache revalidated)
npm http fetch GET 200 https://registry.npmjs.org/find-cache-dir 435ms (cache revalidated)
npm http fetch GET 200 https://registry.npmjs.org/path-exists 161ms (cache revalidated)
npm http fetch GET 200 https://registry.npmjs.org/graceful-fs 160ms (cache revalidated)
npm http fetch GET 200 https://registry.npmjs.org/html-minifier-terser 155ms (cache revalidated)
npm http fetch GET 200 https://registry.npmjs.org/loader-utils 161ms (cache revalidated)
npm http fetch GET 200 https://registry.npmjs.org/at-least-node 178ms (cache revalidated)
npm http fetch GET 200 https://registry.npmjs.org/tapable 170ms (cache revalidated)
npm http fetch GET 200 https://registry.npmjs.org/@types%2fhtml-minifier-terser 182ms (cache revalidated)
npm http fetch GET 200 https://registry.npmjs.org/pretty-error 174ms (cache revalidated)
npm http fetch GET 200 https://registry.npmjs.org/jsonfile 185ms (cache revalidated)
npm http fetch GET 200 https://registry.npmjs.org/@types%2fhtml-minifier-terser 173ms (cache revalidated)
npm http fetch GET 200 https://registry.npmjs.org/locate-path 194ms (cache revalidated)
npm http fetch GET 200 https://registry.npmjs.org/@types%2ftapable 184ms (cache revalidated)
npm http fetch GET 200 https://registry.npmjs.org/html-minifier-terser 183ms (cache revalidated)
npm http fetch GET 200 https://registry.npmjs.org/universalify 191ms (cache revalidated)
npm http fetch GET 200 https://registry.npmjs.org/@types%2fwebpack 198ms (cache revalidated)
npm http fetch GET 200 https://registry.npmjs.org/pretty-error 198ms (cache revalidated)
npm http fetch GET 200 https://registry.npmjs.org/tapable 199ms (cache revalidated)
npm http fetch GET 200 https://registry.npmjs.org/@types%2fserve-index 198ms (cache revalidated)
npm http fetch GET 200 https://registry.npmjs.org/util.promisify 205ms (cache revalidated)
npm http fetch GET 200 https://registry.npmjs.org/compression 201ms (cache revalidated)
npm http fetch GET 200 https://registry.npmjs.org/@types%2fbonjour 215ms (cache revalidated)
npm http fetch GET 200 https://registry.npmjs.org/@types%2fsockjs 219ms (cache revalidated)
npm http fetch GET 200 https://registry.npmjs.org/@types%2fconnect-history-api-fallback 224ms (cache revalidated)
npm http fetch GET 200 https://registry.npmjs.org/@types%2fexpress 231ms (cache revalidated)
npm http fetch GET 200 https://registry.npmjs.org/colorette 228ms (cache revalidated)
npm http fetch GET 200 https://registry.npmjs.org/bonjour-service 231ms (cache revalidated)
npm http fetch GET 200 https://registry.npmjs.org/default-gateway 236ms (cache revalidated)
npm http fetch GET 200 https://registry.npmjs.org/@types%2fserve-static 243ms (cache revalidated)
npm http fetch GET 200 https://registry.npmjs.org/connect-history-api-fallback 242ms (cache revalidated)
npm http fetch GET 200 https://registry.npmjs.org/express 241ms (cache revalidated)
npm http fetch GET 200 https://registry.npmjs.org/ipaddr.js 250ms (cache revalidated)
npm http fetch GET 200 https://registry.npmjs.org/http-proxy-middleware 257ms (cache revalidated)
npm http fetch GET 200 https://registry.npmjs.org/ansi-html-community 267ms (cache revalidated)
npm http fetch GET 200 https://registry.npmjs.org/launch-editor 262ms (cache revalidated)
npm http fetch GET 200 https://registry.npmjs.org/html-entities 265ms (cache revalidated)
npm http fetch GET 200 https://registry.npmjs.org/graceful-fs 267ms (cache revalidated)
npm http fetch GET 200 https://registry.npmjs.org/open 271ms (cache revalidated)
npm http fetch GET 200 https://registry.npmjs.org/spdy 273ms (cache revalidated)
npm http fetch GET 200 https://registry.npmjs.org/serve-index 278ms (cache revalidated)
npm http fetch GET 200 https://registry.npmjs.org/@types%2fws 294ms (cache revalidated)
npm http fetch GET 200 https://registry.npmjs.org/schema-utils 283ms (cache revalidated)
npm http fetch GET 200 https://registry.npmjs.org/clone-deep 276ms (cache revalidated)
npm http fetch GET 200 https://registry.npmjs.org/sockjs 297ms (cache revalidated)
npm http fetch GET 200 https://registry.npmjs.org/webpack-dev-middleware 297ms (cache revalidated)
npm http fetch GET 200 https://registry.npmjs.org/selfsigned 314ms (cache revalidated)
npm http fetch GET 200 https://registry.npmjs.org/p-retry 1426ms (cache revalidated)
npm http fetch GET 200 https://registry.npmjs.org/wildcard 1426ms (cache revalidated)
npm http fetch GET 200 https://registry.npmjs.org/aria-query 74ms (cache revalidated)
npm http fetch GET 200 https://registry.npmjs.org/dom-accessibility-api 77ms (cache revalidated)
npm http fetch GET 200 https://registry.npmjs.org/lz-string 81ms (cache revalidated)
npm http fetch GET 200 https://registry.npmjs.org/@babel%2fcode-frame 92ms (cache revalidated)
npm http fetch GET 200 https://registry.npmjs.org/regenerator-runtime 93ms (cache revalidated)
npm http fetch GET 200 https://registry.npmjs.org/@types%2faria-query 96ms (cache revalidated)
npm http fetch GET 200 https://registry.npmjs.org/pretty-format 99ms (cache revalidated)
npm http fetch GET 200 https://registry.npmjs.org/ansi-regex 72ms (cache revalidated)
npm http fetch GET 200 https://registry.npmjs.org/deep-equal 84ms (cache revalidated)
npm http fetch GET 200 https://registry.npmjs.org/react-is 96ms (cache revalidated)
npm http fetch GET 200 https://registry.npmjs.org/@babel%2fhighlight 126ms (cache revalidated)
npm http fetch GET 200 https://registry.npmjs.org/js-tokens 74ms (cache revalidated)
npm http fetch GET 200 https://registry.npmjs.org/@babel%2fhelper-validator-identifier 114ms (cache revalidated)
npm http fetch GET 200 https://registry.npmjs.org/@types%2freact 98ms (cache revalidated)
npm http fetch GET 200 https://registry.npmjs.org/csstype 89ms (cache revalidated)
npm http fetch GET 200 https://registry.npmjs.org/@types%2fprop-types 105ms (cache revalidated)
npm http fetch GET 200 https://registry.npmjs.org/@types%2fscheduler 104ms (cache revalidated)
npm http fetch GET 200 https://registry.npmjs.org/requires-port 70ms (cache revalidated)
npm http fetch GET 200 https://registry.npmjs.org/eventemitter3 88ms (cache revalidated)
npm http fetch GET 200 https://registry.npmjs.org/es-get-iterator 86ms (cache revalidated)
npm http fetch GET 200 https://registry.npmjs.org/is-regex 85ms (cache revalidated)
npm http fetch GET 200 https://registry.npmjs.org/side-channel 82ms (cache revalidated)
npm http fetch GET 200 https://registry.npmjs.org/get-intrinsic 96ms (cache revalidated)
npm http fetch GET 200 https://registry.npmjs.org/is-shared-array-buffer 98ms (cache revalidated)
npm http fetch GET 200 https://registry.npmjs.org/call-bind 105ms (cache revalidated)
npm http fetch GET 200 https://registry.npmjs.org/is-date-object 101ms (cache revalidated)
npm http fetch GET 200 https://registry.npmjs.org/object-keys 98ms (cache revalidated)
npm http fetch GET 200 https://registry.npmjs.org/isarray 102ms (cache revalidated)
npm http fetch GET 200 https://registry.npmjs.org/object.assign 101ms (cache revalidated)
npm http fetch GET 200 https://registry.npmjs.org/array-buffer-byte-length 112ms (cache revalidated)
npm http fetch GET 200 https://registry.npmjs.org/is-array-buffer 108ms (cache revalidated)
npm http fetch GET 200 https://registry.npmjs.org/object-is 105ms (cache revalidated)
npm http fetch GET 200 https://registry.npmjs.org/which-boxed-primitive 102ms (cache revalidated)
npm http fetch GET 200 https://registry.npmjs.org/is-arguments 124ms (cache revalidated)
npm http fetch GET 200 https://registry.npmjs.org/which-typed-array 130ms (cache revalidated)
npm http fetch GET 200 https://registry.npmjs.org/regexp.prototype.flags 135ms (cache revalidated)
npm http fetch GET 200 https://registry.npmjs.org/which-collection 135ms (cache revalidated)
npm http fetch GET 200 https://registry.npmjs.org/combined-stream 61ms (cache revalidated)
npm http fetch GET 200 https://registry.npmjs.org/asynckit 67ms (cache revalidated)
npm http fetch GET 200 https://registry.npmjs.org/mime-types 69ms (cache revalidated)
npm http fetch GET 200 https://registry.npmjs.org/camelcase 70ms (cache revalidated)
npm http fetch GET 200 https://registry.npmjs.org/@babel%2fparser 76ms (cache revalidated)
npm http fetch GET 200 https://registry.npmjs.org/@babel%2fcore 87ms (cache revalidated)
npm http fetch GET 200 https://registry.npmjs.org/esprima 68ms (cache revalidated)
npm http fetch GET 200 https://registry.npmjs.org/esutils 77ms (cache revalidated)
npm http fetch GET 200 https://registry.npmjs.org/to-fast-properties 98ms (cache revalidated)
npm http fetch GET 200 https://registry.npmjs.org/babel-runtime 129ms (cache revalidated)
npm http fetch GET 200 https://registry.npmjs.org/https-proxy-agent 222ms (cache revalidated)
npm http fetch GET 200 https://registry.npmjs.org/archiver-utils 229ms (cache revalidated)
npm http fetch GET 200 https://registry.npmjs.org/fs.realpath 218ms (cache revalidated)
npm http fetch GET 200 https://registry.npmjs.org/readable-stream 228ms (cache revalidated)
npm http fetch GET 200 https://registry.npmjs.org/readdir-glob 228ms (cache revalidated)
npm http fetch GET 200 https://registry.npmjs.org/tar-stream 227ms (cache revalidated)
npm http fetch GET 200 https://registry.npmjs.org/string-width 224ms (cache revalidated)
npm http fetch GET 200 https://registry.npmjs.org/inflight 222ms (cache revalidated)
npm http fetch GET 200 https://registry.npmjs.org/ps-tree 231ms (cache revalidated)
npm http fetch GET 200 https://registry.npmjs.org/path-is-absolute 226ms (cache revalidated)
npm http fetch GET 200 https://registry.npmjs.org/buffer-crc32 243ms (cache revalidated)
npm http fetch GET 200 https://registry.npmjs.org/zip-stream 240ms (cache revalidated)
npm http fetch GET 200 https://registry.npmjs.org/agent-base 237ms (cache revalidated)
npm http fetch GET 200 https://registry.npmjs.org/once 251ms (cache revalidated)
npm http fetch GET 200 https://registry.npmjs.org/aws-sign2 255ms (cache revalidated)
npm http fetch GET 200 https://registry.npmjs.org/inherits 258ms (cache revalidated)
npm http fetch GET 200 https://registry.npmjs.org/extend 255ms (cache revalidated)
npm http fetch GET 200 https://registry.npmjs.org/aws4 258ms (cache revalidated)
npm http fetch GET 200 https://registry.npmjs.org/http-signature 259ms (cache revalidated)
npm http fetch GET 200 https://registry.npmjs.org/is-typedarray 261ms (cache revalidated)
npm http fetch GET 200 https://registry.npmjs.org/har-validator 264ms (cache revalidated)
npm http fetch GET 200 https://registry.npmjs.org/caseless 268ms (cache revalidated)
npm http fetch GET 200 https://registry.npmjs.org/forever-agent 267ms (cache revalidated)
npm http fetch GET 200 https://registry.npmjs.org/json-stringify-safe 269ms (cache revalidated)
npm http fetch GET 200 https://registry.npmjs.org/qs 278ms (cache revalidated)
npm http fetch GET 200 https://registry.npmjs.org/isstream 286ms (cache revalidated)
npm http fetch GET 200 https://registry.npmjs.org/tunnel-agent 285ms (cache revalidated)
npm http fetch GET 200 https://registry.npmjs.org/oauth-sign 297ms (cache revalidated)
npm http fetch GET 200 https://registry.npmjs.org/safe-buffer 308ms (cache revalidated)
npm http fetch GET 200 https://registry.npmjs.org/ajv 305ms (cache revalidated)
npm http fetch GET 200 https://registry.npmjs.org/performance-now 318ms (cache revalidated)
npm http fetch GET 200 https://registry.npmjs.org/tough-cookie 318ms (cache revalidated)
npm http fetch GET 200 https://registry.npmjs.org/string-width 313ms (cache revalidated)
npm http fetch GET 200 https://registry.npmjs.org/buffer-indexof-polyfill 311ms (cache revalidated)
npm http fetch GET 200 https://registry.npmjs.org/extend 321ms (cache revalidated)
npm http fetch GET 200 https://registry.npmjs.org/binary 313ms (cache revalidated)
npm http fetch GET 200 https://registry.npmjs.org/duplexer2 314ms (cache revalidated)
npm http fetch GET 200 https://registry.npmjs.org/big-integer 319ms (cache revalidated)
npm http fetch GET 200 https://registry.npmjs.org/listenercount 319ms (cache revalidated)
npm http fetch GET 200 https://registry.npmjs.org/setimmediate 328ms (cache revalidated)
npm http fetch GET 200 https://registry.npmjs.org/fstream 334ms (cache revalidated)
npm http fetch GET 200 https://registry.npmjs.org/readable-stream 346ms (cache revalidated)
npm http fetch GET 200 https://registry.npmjs.org/configstore 355ms (cache revalidated)
npm http fetch GET 200 https://registry.npmjs.org/is-npm 354ms (cache revalidated)
npm http fetch GET 200 https://registry.npmjs.org/slice-ansi 365ms (cache revalidated)
npm http fetch GET 200 https://registry.npmjs.org/pupa 357ms (cache revalidated)
npm http fetch GET 200 https://registry.npmjs.org/latest-version 359ms (cache revalidated)
npm http fetch GET 200 https://registry.npmjs.org/semver-diff 359ms (cache revalidated)
npm http fetch GET 200 https://registry.npmjs.org/has-yarn 368ms (cache revalidated)
npm http fetch GET 200 https://registry.npmjs.org/colors 368ms (cache revalidated)
npm http fetch GET 200 https://registry.npmjs.org/boxen 380ms (cache revalidated)
npm http fetch GET 200 https://registry.npmjs.org/is-yarn-global 377ms (cache revalidated)
npm http fetch GET 200 https://registry.npmjs.org/xdg-basedir 380ms (cache revalidated)
npm http fetch GET 200 https://registry.npmjs.org/import-lazy 386ms (cache revalidated)
npm http fetch GET 200 https://registry.npmjs.org/require-main-filename 392ms (cache revalidated)
npm http fetch GET 200 https://registry.npmjs.org/stack-trace 395ms (cache revalidated)
npm http fetch GET 200 https://registry.npmjs.org/cycle 398ms (cache revalidated)
npm http fetch GET 200 https://registry.npmjs.org/eyes 400ms (cache revalidated)
npm http fetch GET 200 https://registry.npmjs.org/set-blocking 398ms (cache revalidated)
npm http fetch GET 200 https://registry.npmjs.org/require-directory 406ms (cache revalidated)
npm http fetch GET 200 https://registry.npmjs.org/isstream 409ms (cache revalidated)
npm http fetch GET 200 https://registry.npmjs.org/cliui 422ms (cache revalidated)
npm http fetch GET 200 https://registry.npmjs.org/get-caller-file 421ms (cache revalidated)
npm http fetch GET 200 https://registry.npmjs.org/which-module 420ms (cache revalidated)
npm http fetch GET 200 https://registry.npmjs.org/y18n 418ms (cache revalidated)
npm http fetch GET 200 https://registry.npmjs.org/temp-fs 1298ms (cache revalidated)
npm http fetch GET 200 https://registry.npmjs.org/is-running 1305ms (cache revalidated)
npm http fetch GET 200 https://registry.npmjs.org/normalize-path 81ms (cache revalidated)
npm http fetch GET 200 https://registry.npmjs.org/lodash.defaults 92ms (cache revalidated)
npm http fetch GET 200 https://registry.npmjs.org/lodash.isplainobject 89ms (cache revalidated)
npm http fetch GET 200 https://registry.npmjs.org/string_decoder 91ms (cache revalidated)
npm http fetch GET 200 https://registry.npmjs.org/lazystream 104ms (cache revalidated)
npm http fetch GET 200 https://registry.npmjs.org/bl 94ms (cache revalidated)
npm http fetch GET 200 https://registry.npmjs.org/lodash.difference 109ms (cache revalidated)
npm http fetch GET 200 https://registry.npmjs.org/compress-commons 98ms (cache revalidated)
npm http fetch GET 200 https://registry.npmjs.org/lodash.flatten 109ms (cache revalidated)
npm http fetch GET 200 https://registry.npmjs.org/fs-constants 101ms (cache revalidated)
npm http fetch GET 200 https://registry.npmjs.org/lodash.union 111ms (cache revalidated)
npm http fetch GET 200 https://registry.npmjs.org/end-of-stream 107ms (cache revalidated)
npm http fetch GET 200 https://registry.npmjs.org/util-deprecate 120ms (cache revalidated)
npm http fetch GET 200 https://registry.npmjs.org/process-nextick-args 88ms (cache revalidated)
npm http fetch GET 200 https://registry.npmjs.org/core-util-is 91ms (cache revalidated)
npm http fetch GET 200 https://registry.npmjs.org/event-stream 94ms (cache revalidated)
npm http fetch GET 200 https://registry.npmjs.org/color-convert 63ms (cache revalidated)
npm http fetch GET 200 https://registry.npmjs.org/has-flag 77ms (cache revalidated)
npm http fetch GET 200 https://registry.npmjs.org/color-name 72ms (cache revalidated)
npm http fetch GET 200 https://registry.npmjs.org/strip-ansi 73ms (cache revalidated)
npm http fetch GET 200 https://registry.npmjs.org/emoji-regex 79ms (cache revalidated)
npm http fetch GET 200 https://registry.npmjs.org/is-fullwidth-code-point 91ms (cache revalidated)
npm http fetch GET 200 https://registry.npmjs.org/ieee754 121ms (cache revalidated)
npm http fetch GET 200 https://registry.npmjs.org/base64-js 123ms (cache revalidated)
npm http fetch GET 200 https://registry.npmjs.org/is-path-inside 111ms (cache revalidated)
npm http fetch GET 200 https://registry.npmjs.org/ci-info 117ms (cache revalidated)
npm http fetch GET 200 https://registry.npmjs.org/through 105ms (cache revalidated)
npm http fetch GET 200 https://registry.npmjs.org/wrap-ansi 105ms (cache revalidated)
npm http fetch GET 200 https://registry.npmjs.org/cli-truncate 115ms (cache revalidated)
npm http fetch GET 200 https://registry.npmjs.org/rfdc 111ms (cache revalidated)
npm http fetch GET 200 https://registry.npmjs.org/is-unicode-supported 111ms (cache revalidated)
npm http fetch GET 200 https://registry.npmjs.org/log-update 122ms (cache revalidated)
npm http fetch GET 200 https://registry.npmjs.org/@types%2fyauzl 141ms (cache revalidated)
npm http fetch GET 200 https://registry.npmjs.org/lodash.once 152ms (cache revalidated)
npm http fetch GET 200 https://registry.npmjs.org/global-dirs 139ms (cache revalidated)
npm http fetch GET 200 https://registry.npmjs.org/@colors%2fcolors 164ms (cache revalidated)
npm http fetch GET 200 https://registry.npmjs.org/restore-cursor 166ms (cache revalidated)
npm http fetch GET 200 https://registry.npmjs.org/throttleit 150ms (cache revalidated)
npm http fetch GET 200 https://registry.npmjs.org/fd-slicer 155ms (cache revalidated)
npm http fetch GET 200 https://registry.npmjs.org/lru-cache 175ms (cache revalidated)
npm http fetch GET 200 https://registry.npmjs.org/assert-plus 71ms (cache revalidated)
npm http fetch GET 200 https://registry.npmjs.org/jsprim 70ms (cache revalidated)
npm http fetch GET 200 https://registry.npmjs.org/delayed-stream 77ms (cache revalidated)
npm http fetch GET 200 https://registry.npmjs.org/sshpk 76ms (cache revalidated)
npm http fetch GET 200 https://registry.npmjs.org/mime-db 82ms (cache revalidated)
npm http fetch GET 200 https://registry.npmjs.org/psl 85ms (cache revalidated)
npm http fetch GET 200 https://registry.npmjs.org/punycode 104ms (cache revalidated)
npm http fetch GET 200 https://registry.npmjs.org/stop-iteration-iterator 119ms (cache revalidated)
npm http fetch GET 200 https://registry.npmjs.org/define-properties 115ms (cache revalidated)
npm http fetch GET 200 https://registry.npmjs.org/has-tostringtag 119ms (cache revalidated)
npm http fetch GET 200 https://registry.npmjs.org/is-string 122ms (cache revalidated)
npm http fetch GET 200 https://registry.npmjs.org/has 132ms (cache revalidated)
npm http fetch GET 200 https://registry.npmjs.org/is-map 136ms (cache revalidated)
npm http fetch GET 200 https://registry.npmjs.org/is-typed-array 131ms (cache revalidated)
npm http fetch GET 200 https://registry.npmjs.org/functions-have-names 130ms (cache revalidated)
npm http fetch GET 200 https://registry.npmjs.org/has-symbols 140ms (cache revalidated)
npm http fetch GET 200 https://registry.npmjs.org/object-inspect 130ms (cache revalidated)
npm http fetch GET 200 https://registry.npmjs.org/define-properties 133ms (cache revalidated)
npm http fetch GET 200 https://registry.npmjs.org/is-set 142ms (cache revalidated)
npm http fetch GET 200 https://registry.npmjs.org/define-properties 136ms (cache revalidated)
npm http fetch GET 200 https://registry.npmjs.org/function-bind 146ms (cache revalidated)
npm http fetch GET 200 https://registry.npmjs.org/has-proto 144ms (cache revalidated)
npm http fetch GET 200 https://registry.npmjs.org/is-boolean-object 152ms (cache revalidated)
npm http fetch GET 200 https://registry.npmjs.org/is-symbol 151ms (cache revalidated)
npm http fetch GET 200 https://registry.npmjs.org/is-string 157ms (cache revalidated)
npm http fetch GET 200 https://registry.npmjs.org/is-set 158ms (cache revalidated)
npm http fetch GET 200 https://registry.npmjs.org/is-number-object 166ms (cache revalidated)
npm http fetch GET 200 https://registry.npmjs.org/is-bigint 169ms (cache revalidated)
npm http fetch GET 200 https://registry.npmjs.org/is-map 166ms (cache revalidated)
npm http fetch GET 200 https://registry.npmjs.org/is-weakset 165ms (cache revalidated)
npm http fetch GET 200 https://registry.npmjs.org/available-typed-arrays 171ms (cache revalidated)
npm http fetch GET 200 https://registry.npmjs.org/for-each 170ms (cache revalidated)
npm http fetch GET 200 https://registry.npmjs.org/gopd 184ms (cache revalidated)
npm http fetch GET 200 https://registry.npmjs.org/is-weakmap 207ms (cache revalidated)
npm http fetch GET 200 https://registry.npmjs.org/is-string-blank 1156ms (cache revalidated)
npm http fetch GET 200 https://registry.npmjs.org/duplexer3 157ms (cache revalidated)
npm http fetch GET 200 https://registry.npmjs.org/strip-dirs 166ms (cache revalidated)
npm http fetch GET 200 https://registry.npmjs.org/decompress-targz 170ms (cache revalidated)
npm http fetch GET 200 https://registry.npmjs.org/timed-out 155ms (cache revalidated)
npm http fetch GET 200 https://registry.npmjs.org/decompress-tar 178ms (cache revalidated)
npm http fetch GET 200 https://registry.npmjs.org/decompress-response 169ms (cache revalidated)
npm http fetch GET 200 https://registry.npmjs.org/decompress-unzip 178ms (cache revalidated)
npm http fetch GET 200 https://registry.npmjs.org/pump 174ms (cache revalidated)
npm http fetch GET 200 https://registry.npmjs.org/decompress-tarbz2 186ms (cache revalidated)
npm http fetch GET 200 https://registry.npmjs.org/trim-repeated 182ms (cache revalidated)
npm http fetch GET 200 https://registry.npmjs.org/strip-outer 183ms (cache revalidated)
npm http fetch GET 200 https://registry.npmjs.org/ext-list 189ms (cache revalidated)
npm http fetch GET 200 https://registry.npmjs.org/cacheable-request 186ms (cache revalidated)
npm http fetch GET 200 https://registry.npmjs.org/sort-keys-length 193ms (cache revalidated)
npm http fetch GET 200 https://registry.npmjs.org/@sindresorhus%2fis 196ms (cache revalidated)
npm http fetch GET 200 https://registry.npmjs.org/is-retry-allowed 202ms (cache revalidated)
npm http fetch GET 200 https://registry.npmjs.org/mimic-response 202ms (cache revalidated)
npm http fetch GET 200 https://registry.npmjs.org/url-parse-lax 196ms (cache revalidated)
npm http fetch GET 200 https://registry.npmjs.org/lowercase-keys 215ms (cache revalidated)
npm http fetch GET 200 https://registry.npmjs.org/p-cancelable 215ms (cache revalidated)
npm http fetch GET 200 https://registry.npmjs.org/into-stream 220ms (cache revalidated)
npm http fetch GET 200 https://registry.npmjs.org/url-to-options 214ms (cache revalidated)
npm http fetch GET 200 https://registry.npmjs.org/p-timeout 223ms (cache revalidated)
npm http fetch GET 200 https://registry.npmjs.org/isurl 228ms (cache revalidated)
npm http fetch GET 200 https://registry.npmjs.org/filename-reserved-regex 257ms (cache revalidated)
npm http fetch GET 200 https://registry.npmjs.org/is-natural-number 76ms (cache revalidated)
npm http fetch GET 200 https://registry.npmjs.org/seek-bzip 87ms (cache revalidated)
npm http fetch GET 200 https://registry.npmjs.org/unbzip2-stream 99ms (cache revalidated)
npm http fetch GET 200 https://registry.npmjs.org/xtend 79ms (cache revalidated)
npm http fetch GET 200 https://registry.npmjs.org/to-buffer 85ms (cache revalidated)
npm http fetch GET 200 https://registry.npmjs.org/buffer-alloc 97ms (cache revalidated)
npm http fetch GET 200 https://registry.npmjs.org/pinkie-promise 59ms (cache revalidated)
npm http fetch GET 200 https://registry.npmjs.org/object-assign 122ms (cache revalidated)
npm http fetch GET 200 https://registry.npmjs.org/internal-slot 87ms (cache revalidated)
npm http fetch GET 200 https://registry.npmjs.org/email-addresses 88ms (cache revalidated)
npm http fetch GET 200 https://registry.npmjs.org/path-key 83ms (cache revalidated)
npm http fetch GET 200 https://registry.npmjs.org/mimic-fn 91ms (cache revalidated)
npm http fetch GET 200 https://registry.npmjs.org/path-key 97ms (cache revalidated)
npm http fetch GET 200 https://registry.npmjs.org/shebang-command 97ms (cache revalidated)
npm http fetch GET 200 https://registry.npmjs.org/which 98ms (cache revalidated)
npm http fetch GET 200 https://registry.npmjs.org/isexe 86ms (cache revalidated)
npm http fetch GET 200 https://registry.npmjs.org/shebang-regex 91ms (cache revalidated)
npm http fetch GET 200 https://registry.npmjs.org/sort-keys 103ms (cache revalidated)
npm http fetch GET 200 https://registry.npmjs.org/os-homedir 86ms (cache revalidated)
npm http fetch GET 200 https://registry.npmjs.org/p-locate 87ms (cache revalidated)
npm http fetch GET 200 https://registry.npmjs.org/commondir 86ms (cache revalidated)
npm http fetch GET 200 https://registry.npmjs.org/pkg-dir 86ms (cache revalidated)
npm http fetch GET 200 https://registry.npmjs.org/wrappy 91ms (cache revalidated)
npm http fetch GET 200 https://registry.npmjs.org/brace-expansion 90ms (cache revalidated)
npm http fetch GET 200 https://registry.npmjs.org/micromatch 89ms (cache revalidated)
npm http fetch GET 200 https://registry.npmjs.org/path-type 93ms (cache revalidated)
npm http fetch GET 200 https://registry.npmjs.org/@nodelib%2ffs.walk 106ms (cache revalidated)
npm http fetch GET 200 https://registry.npmjs.org/glob-parent 107ms (cache revalidated)
npm http fetch GET 200 https://registry.npmjs.org/@nodelib%2ffs.stat 122ms (cache revalidated)
npm http fetch GET 200 https://registry.npmjs.org/picomatch 69ms (cache revalidated)
npm http fetch GET 200 https://registry.npmjs.org/braces 73ms (cache revalidated)
npm http fetch GET 200 https://registry.npmjs.org/is-glob 78ms (cache revalidated)
npm http fetch GET 200 https://registry.npmjs.org/fastq 97ms (cache revalidated)
npm http fetch GET 200 https://registry.npmjs.org/@nodelib%2ffs.scandir 102ms (cache revalidated)
npm http fetch GET 200 https://registry.npmjs.org/run-parallel 80ms (cache revalidated)
npm http fetch GET 200 https://registry.npmjs.org/reusify 140ms (cache revalidated)
npm http fetch GET 200 https://registry.npmjs.org/queue-microtask 164ms (cache revalidated)
npm http fetch GET 200 https://registry.npmjs.org/is-extglob 98ms (cache revalidated)
npm http fetch GET 200 https://registry.npmjs.org/clone-response 83ms (cache revalidated)
npm http fetch GET 200 https://registry.npmjs.org/keyv 81ms (cache revalidated)
npm http fetch GET 200 https://registry.npmjs.org/p-is-promise 81ms (cache revalidated)
npm http fetch GET 200 https://registry.npmjs.org/prepend-http 78ms (cache revalidated)
npm http fetch GET 200 https://registry.npmjs.org/normalize-url 88ms (cache revalidated)
npm http fetch GET 200 https://registry.npmjs.org/has-to-string-tag-x 82ms (cache revalidated)
npm http fetch GET 200 https://registry.npmjs.org/is-object 84ms (cache revalidated)
npm http fetch GET 200 https://registry.npmjs.org/p-finally 93ms (cache revalidated)
npm http fetch GET 200 https://registry.npmjs.org/responselike 97ms (cache revalidated)
npm http fetch GET 200 https://registry.npmjs.org/http-cache-semantics 109ms (cache revalidated)
npm http fetch GET 200 https://registry.npmjs.org/from2 109ms (cache revalidated)
npm http fetch GET 200 https://registry.npmjs.org/query-string 63ms (cache revalidated)
npm http fetch GET 200 https://registry.npmjs.org/json-buffer 88ms (cache revalidated)
npm http fetch GET 200 https://registry.npmjs.org/terser 86ms (cache revalidated)
npm http fetch GET 200 https://registry.npmjs.org/clean-css 102ms (cache revalidated)
npm http fetch GET 200 https://registry.npmjs.org/param-case 112ms (cache revalidated)
npm http fetch GET 200 https://registry.npmjs.org/object.getownpropertydescriptors 106ms (cache revalidated)
npm http fetch GET 200 https://registry.npmjs.org/emojis-list 110ms (cache revalidated)
npm http fetch GET 200 https://registry.npmjs.org/source-map 118ms (cache revalidated)
npm http fetch GET 200 https://registry.npmjs.org/json5 111ms (cache revalidated)
npm http fetch GET 200 https://registry.npmjs.org/relateurl 117ms (cache revalidated)
npm http fetch GET 200 https://registry.npmjs.org/@types%2fwebpack-sources 126ms (cache revalidated)
npm http fetch GET 200 https://registry.npmjs.org/big.js 119ms (cache revalidated)
npm http fetch GET 200 https://registry.npmjs.org/camel-case 126ms (cache revalidated)
npm http fetch GET 200 https://registry.npmjs.org/renderkid 118ms (cache revalidated)
npm http fetch GET 200 https://registry.npmjs.org/anymatch 128ms (cache revalidated)
npm http fetch GET 200 https://registry.npmjs.org/@types%2fuglify-js 132ms (cache revalidated)
npm http fetch GET 200 https://registry.npmjs.org/@types%2fsource-list-map 121ms (cache revalidated)
npm http fetch GET 200 https://registry.npmjs.org/pascal-case 84ms (cache revalidated)
npm http fetch GET 200 https://registry.npmjs.org/dot-case 87ms (cache revalidated)
npm http fetch GET 200 https://registry.npmjs.org/source-map-support 96ms (cache revalidated)
npm http fetch GET 200 https://registry.npmjs.org/no-case 86ms (cache revalidated)
npm http fetch GET 200 https://registry.npmjs.org/bcrypt-pbkdf 70ms (cache revalidated)
npm http fetch GET 200 https://registry.npmjs.org/jsbn 78ms (cache revalidated)
npm http fetch GET 200 https://registry.npmjs.org/getpass 84ms (cache revalidated)
npm http fetch GET 200 https://registry.npmjs.org/tweetnacl 82ms (cache revalidated)
npm http fetch GET 200 https://registry.npmjs.org/dashdash 87ms (cache revalidated)
npm http fetch GET 200 https://registry.npmjs.org/json-schema 91ms (cache revalidated)
npm http fetch GET 200 https://registry.npmjs.org/verror 96ms (cache revalidated)
npm http fetch GET 200 https://registry.npmjs.org/safer-buffer 94ms (cache revalidated)
npm http fetch GET 200 https://registry.npmjs.org/asn1 97ms (cache revalidated)
npm http fetch GET 200 https://registry.npmjs.org/extsprintf 102ms (cache revalidated)
npm http fetch GET 200 https://registry.npmjs.org/ecc-jsbn 97ms (cache revalidated)
npm http fetch GET 200 https://registry.npmjs.org/ini 74ms (cache revalidated)
npm http fetch GET 200 https://registry.npmjs.org/is-callable 72ms (cache revalidated)
npm http fetch GET 200 https://registry.npmjs.org/gensync 79ms (cache revalidated)
npm http fetch GET 200 https://registry.npmjs.org/@babel%2fgenerator 94ms (cache revalidated)
npm http fetch GET 200 https://registry.npmjs.org/@babel%2ftemplate 95ms (cache revalidated)
npm http fetch GET 200 https://registry.npmjs.org/@babel%2fhelper-module-transforms 98ms (cache revalidated)
npm http fetch GET 200 https://registry.npmjs.org/@babel%2ftraverse 100ms (cache revalidated)
npm http fetch GET 200 https://registry.npmjs.org/@babel%2fhelper-compilation-targets 108ms (cache revalidated)
npm http fetch GET 200 https://registry.npmjs.org/@babel%2fhelpers 107ms (cache revalidated)
npm http fetch GET 200 https://registry.npmjs.org/@ampproject%2fremapping 125ms (cache revalidated)
npm http fetch GET 200 https://registry.npmjs.org/@babel%2ftypes 135ms (cache revalidated)
npm http fetch GET 200 https://registry.npmjs.org/browserslist 90ms (cache revalidated)
npm http fetch GET 200 https://registry.npmjs.org/@babel%2fcompat-data 100ms (cache revalidated)
npm http fetch GET 200 https://registry.npmjs.org/globals 94ms (cache revalidated)
npm http fetch GET 200 https://registry.npmjs.org/@babel%2fhelper-split-export-declaration 107ms (cache revalidated)
npm http fetch GET 200 https://registry.npmjs.org/@babel%2fhelper-hoist-variables 107ms (cache revalidated)
npm http fetch GET 200 https://registry.npmjs.org/jsesc 119ms (cache revalidated)
npm http fetch GET 200 https://registry.npmjs.org/@babel%2fhelper-environment-visitor 117ms (cache revalidated)
npm http fetch GET 200 https://registry.npmjs.org/@babel%2fhelper-module-imports 116ms (cache revalidated)
npm http fetch GET 200 https://registry.npmjs.org/@jridgewell%2ftrace-mapping 122ms (cache revalidated)
npm http fetch GET 200 https://registry.npmjs.org/@babel%2fhelper-validator-option 128ms (cache revalidated)
npm http fetch GET 200 https://registry.npmjs.org/@babel%2fhelper-function-name 124ms (cache revalidated)
npm http fetch GET 200 https://registry.npmjs.org/@jridgewell%2fgen-mapping 132ms (cache revalidated)
npm http fetch GET 200 https://registry.npmjs.org/@jridgewell%2ftrace-mapping 132ms (cache revalidated)
npm http fetch GET 200 https://registry.npmjs.org/@babel%2fhelper-simple-access 127ms (cache revalidated)
npm http fetch GET 200 https://registry.npmjs.org/@jridgewell%2fgen-mapping 136ms (cache revalidated)
npm http fetch GET 200 https://registry.npmjs.org/@babel%2fhelper-string-parser 182ms (cache revalidated)
npm http fetch GET 200 https://registry.npmjs.org/@jridgewell%2fsourcemap-codec 119ms (cache revalidated)
npm http fetch GET 200 https://registry.npmjs.org/@jridgewell%2fresolve-uri 123ms (cache revalidated)
npm http fetch GET 200 https://registry.npmjs.org/@jridgewell%2fsourcemap-codec 141ms (cache revalidated)
npm http fetch GET 200 https://registry.npmjs.org/@jridgewell%2fset-array 161ms (cache revalidated)
npm http fetch GET 200 https://registry.npmjs.org/electron-to-chromium 77ms (cache revalidated)
npm http fetch GET 200 https://registry.npmjs.org/yallist 90ms (cache revalidated)
npm http fetch GET 200 https://registry.npmjs.org/caniuse-lite 97ms (cache revalidated)
npm http fetch GET 200 https://registry.npmjs.org/update-browserslist-db 98ms (cache revalidated)
npm http fetch GET 200 https://registry.npmjs.org/node-releases 138ms (cache revalidated)
npm http fetch GET 200 https://registry.npmjs.org/escalade 117ms (cache revalidated)
npm http fetch GET 200 https://registry.npmjs.org/picocolors 155ms (cache revalidated)
npm http fetch GET 200 https://registry.npmjs.org/has-symbol-support-x 90ms (cache revalidated)
npm http fetch GET 200 https://registry.npmjs.org/aggregate-error 58ms (cache revalidated)
npm http fetch GET 200 https://registry.npmjs.org/ansi-escapes 87ms (cache revalidated)
npm http fetch GET 200 https://registry.npmjs.org/astral-regex 88ms (cache revalidated)
npm http fetch GET 200 https://registry.npmjs.org/p-limit 96ms (cache revalidated)
npm http fetch GET 200 https://registry.npmjs.org/type-fest 101ms (cache revalidated)
npm http fetch GET 200 https://registry.npmjs.org/fill-range 87ms (cache revalidated)
npm http fetch GET 200 https://registry.npmjs.org/to-regex-range 108ms (cache revalidated)
npm http fetch GET 200 https://registry.npmjs.org/is-number 89ms (cache revalidated)
npm http fetch GET 200 https://registry.npmjs.org/concat-map 78ms (cache revalidated)
npm http fetch GET 200 https://registry.npmjs.org/balanced-match 89ms (cache revalidated)
npm http fetch GET 200 https://registry.npmjs.org/is-binary-path 84ms (cache revalidated)
npm http fetch GET 200 https://registry.npmjs.org/is-plain-obj 77ms (cache revalidated)
npm http fetch GET 200 https://registry.npmjs.org/readdirp 89ms (cache revalidated)
npm http fetch GET 200 https://registry.npmjs.org/flat 84ms (cache revalidated)
npm http fetch GET 200 https://registry.npmjs.org/randombytes 95ms (cache revalidated)
npm http fetch GET 200 https://registry.npmjs.org/binary-extensions 84ms (cache revalidated)
npm http fetch GET 200 https://registry.npmjs.org/webidl-conversions 134ms (cache revalidated)
npm http fetch GET 200 https://registry.npmjs.org/tr46 158ms (cache revalidated)
npm http fetch GET 200 https://registry.npmjs.org/decode-uri-component 87ms (cache revalidated)
npm http fetch GET 200 https://registry.npmjs.org/strict-uri-encode 86ms (cache revalidated)
npm http fetch GET 200 https://registry.npmjs.org/is-windows 84ms (cache revalidated)
npm http fetch GET 200 https://registry.npmjs.org/append-transform 88ms (cache revalidated)
npm http fetch GET 200 https://registry.npmjs.org/hasha 91ms (cache revalidated)
npm http fetch GET 200 https://registry.npmjs.org/html-escaper 99ms (cache revalidated)
npm http fetch GET 200 https://registry.npmjs.org/fromentries 99ms (cache revalidated)
npm http fetch GET 200 https://registry.npmjs.org/package-hash 103ms (cache revalidated)
npm http fetch GET 200 https://registry.npmjs.org/archy 102ms (cache revalidated)
npm http fetch GET 200 https://registry.npmjs.org/write-file-atomic 104ms (cache revalidated)
npm http fetch GET 200 https://registry.npmjs.org/typedarray-to-buffer 68ms (cache revalidated)
npm http fetch GET 200 https://registry.npmjs.org/imurmurhash 80ms (cache revalidated)
npm http fetch GET 200 https://registry.npmjs.org/release-zalgo 82ms (cache revalidated)
npm http fetch GET 200 https://registry.npmjs.org/lodash.flattendeep 98ms (cache revalidated)
npm http fetch GET 200 https://registry.npmjs.org/default-require-extensions 80ms (cache revalidated)
npm http fetch GET 200 https://registry.npmjs.org/strip-bom 85ms (cache revalidated)
npm http fetch GET 200 https://registry.npmjs.org/has-property-descriptors 88ms (cache revalidated)
npm http fetch GET 200 https://registry.npmjs.org/yocto-queue 98ms (cache revalidated)
npm http fetch GET 200 https://registry.npmjs.org/clean-stack 91ms (cache revalidated)
npm http fetch GET 200 https://registry.npmjs.org/indent-string 123ms (cache revalidated)
npm http fetch GET 200 https://registry.npmjs.org/es6-error 86ms (cache revalidated)
npm http fetch GET 200 https://registry.npmjs.org/lower-case 87ms (cache revalidated)
npm http fetch GET 200 https://registry.npmjs.org/css-select 75ms (cache revalidated)
npm http fetch GET 200 https://registry.npmjs.org/dom-converter 76ms (cache revalidated)
npm http fetch GET 200 https://registry.npmjs.org/htmlparser2 82ms (cache revalidated)
npm http fetch GET 200 https://registry.npmjs.org/pause-stream 92ms (cache revalidated)
npm http fetch GET 200 https://registry.npmjs.org/from 97ms (cache revalidated)
npm http fetch GET 200 https://registry.npmjs.org/stream-combiner 94ms (cache revalidated)
npm http fetch GET 200 https://registry.npmjs.org/split 96ms (cache revalidated)
npm http fetch GET 200 https://registry.npmjs.org/map-stream 105ms (cache revalidated)
npm http fetch GET 200 https://registry.npmjs.org/duplexer 107ms (cache revalidated)
npm http fetch GET 200 https://registry.npmjs.org/css-what 79ms (cache revalidated)
npm http fetch GET 200 https://registry.npmjs.org/nth-check 79ms (cache revalidated)
npm http fetch GET 200 https://registry.npmjs.org/entities 80ms (cache revalidated)
npm http fetch GET 200 https://registry.npmjs.org/domhandler 90ms (cache revalidated)
npm http fetch GET 200 https://registry.npmjs.org/domelementtype 88ms (cache revalidated)
npm http fetch GET 200 https://registry.npmjs.org/utila 94ms (cache revalidated)
npm http fetch GET 200 https://registry.npmjs.org/domutils 96ms (cache revalidated)
npm http fetch GET 200 https://registry.npmjs.org/domutils 106ms (cache revalidated)
npm http fetch GET 200 https://registry.npmjs.org/domhandler 107ms (cache revalidated)
npm http fetch GET 200 https://registry.npmjs.org/boolbase 114ms (cache revalidated)
npm http fetch GET 200 https://registry.npmjs.org/dom-serializer 94ms (cache revalidated)
npm http fetch GET 200 https://registry.npmjs.org/har-schema 99ms (cache revalidated)
npm http fetch GET 200 https://registry.npmjs.org/uri-js 76ms (cache revalidated)
npm http fetch GET 200 https://registry.npmjs.org/json-schema-traverse 97ms (cache revalidated)
npm http fetch GET 200 https://registry.npmjs.org/fast-deep-equal 103ms (cache revalidated)
npm http fetch GET 200 https://registry.npmjs.org/fast-json-stable-stringify 115ms (cache revalidated)
npm http fetch GET 200 https://registry.npmjs.org/buffer-from 95ms (cache revalidated)
npm http fetch GET 200 https://registry.npmjs.org/chainsaw 95ms (cache revalidated)
npm http fetch GET 200 https://registry.npmjs.org/buffers 96ms (cache revalidated)
npm http fetch GET 200 https://registry.npmjs.org/traverse 92ms (cache revalidated)
npm http fetch GET 200 https://registry.npmjs.org/package-json 64ms (cache revalidated)
npm http fetch GET 200 https://registry.npmjs.org/dot-prop 72ms (cache revalidated)
npm http fetch GET 200 https://registry.npmjs.org/escape-goat 70ms (cache revalidated)
npm http fetch GET 200 https://registry.npmjs.org/unique-string 72ms (cache revalidated)
npm http fetch GET 200 https://registry.npmjs.org/cli-boxes 90ms (cache revalidated)
npm http fetch GET 200 https://registry.npmjs.org/widest-line 89ms (cache revalidated)
npm http fetch GET 200 https://registry.npmjs.org/ansi-align 137ms (cache revalidated)
npm http fetch GET 200 https://registry.npmjs.org/is-obj 89ms (cache revalidated)
npm http fetch GET 200 https://registry.npmjs.org/crypto-random-string 104ms (cache revalidated)
npm http fetch GET 200 https://registry.npmjs.org/registry-auth-token 83ms (cache revalidated)
npm http fetch GET 200 https://registry.npmjs.org/registry-url 131ms (cache revalidated)
npm http fetch GET 200 https://registry.npmjs.org/rc 109ms (cache revalidated)
npm http fetch GET 200 https://registry.npmjs.org/to-readable-stream 122ms (cache revalidated)
npm http fetch GET 200 https://registry.npmjs.org/@szmarczak%2fhttp-timer 139ms (cache revalidated)
npm http fetch GET 200 https://registry.npmjs.org/rc 141ms (cache revalidated)
npm http fetch GET 200 https://registry.npmjs.org/deep-extend 88ms (cache revalidated)
npm http fetch GET 200 https://registry.npmjs.org/array.prototype.reduce 83ms (cache revalidated)
npm http fetch GET 200 https://registry.npmjs.org/es-abstract 86ms (cache revalidated)
npm http fetch GET 200 https://registry.npmjs.org/safe-array-concat 89ms (cache revalidated)
npm http fetch GET 200 https://registry.npmjs.org/es-to-primitive 79ms (cache revalidated)
npm http fetch GET 200 https://registry.npmjs.org/typed-array-length 76ms (cache revalidated)
npm http fetch GET 200 https://registry.npmjs.org/is-weakref 81ms (cache revalidated)
npm http fetch GET 200 https://registry.npmjs.org/es-set-tostringtag 93ms (cache revalidated)
npm http fetch GET 200 https://registry.npmjs.org/get-symbol-description 90ms (cache revalidated)
npm http fetch GET 200 https://registry.npmjs.org/is-negative-zero 92ms (cache revalidated)
npm http fetch GET 200 https://registry.npmjs.org/string.prototype.trimend 90ms (cache revalidated)
npm http fetch GET 200 https://registry.npmjs.org/globalthis 94ms (cache revalidated)
npm http fetch GET 200 https://registry.npmjs.org/string.prototype.trimstart 93ms (cache revalidated)
npm http fetch GET 200 https://registry.npmjs.org/unbox-primitive 91ms (cache revalidated)
npm http fetch GET 200 https://registry.npmjs.org/safe-regex-test 96ms (cache revalidated)
npm http fetch GET 200 https://registry.npmjs.org/function.prototype.name 102ms (cache revalidated)
npm http fetch GET 200 https://registry.npmjs.org/string.prototype.trim 96ms (cache revalidated)
npm http fetch GET 200 https://registry.npmjs.org/es-array-method-boxes-properly 111ms (cache revalidated)
npm http fetch GET 200 https://registry.npmjs.org/has-bigints 95ms (cache revalidated)
npm http fetch GET 200 https://registry.npmjs.org/@scure%2fbase 353ms (cache revalidated)
npm http fetch GET 200 https://registry.npmjs.org/@sideway%2fformula 100ms (cache revalidated)
npm http fetch GET 200 https://registry.npmjs.org/@hapi%2ftopo 113ms (cache revalidated)
npm http fetch GET 200 https://registry.npmjs.org/@hapi%2fhoek 125ms (cache revalidated)
npm http fetch GET 200 https://registry.npmjs.org/@sideway%2faddress 125ms (cache revalidated)
npm http fetch GET 200 https://registry.npmjs.org/@sideway%2fpinpoint 154ms (cache revalidated)
npm http fetch GET 200 https://registry.npmjs.org/multicast-dns 188ms (cache revalidated)
npm http fetch GET 200 https://registry.npmjs.org/array-flatten 186ms (cache revalidated)
npm http fetch GET 200 https://registry.npmjs.org/@types%2fbody-parser 197ms (cache revalidated)
npm http fetch GET 200 https://registry.npmjs.org/array-flatten 198ms (cache revalidated)
npm http fetch GET 200 https://registry.npmjs.org/cookie 186ms (cache revalidated)
npm http fetch GET 200 https://registry.npmjs.org/@types%2fexpress-serve-static-core 201ms (cache revalidated)
npm http fetch GET 200 https://registry.npmjs.org/@types%2fexpress-serve-static-core 207ms (cache revalidated)
npm http fetch GET 200 https://registry.npmjs.org/on-headers 200ms (cache revalidated)
npm http fetch GET 200 https://registry.npmjs.org/bytes 207ms (cache revalidated)
npm http fetch GET 200 https://registry.npmjs.org/@types%2fmime 212ms (cache revalidated)
npm http fetch GET 200 https://registry.npmjs.org/compressible 216ms (cache revalidated)
npm http fetch GET 200 https://registry.npmjs.org/body-parser 216ms (cache revalidated)
npm http fetch GET 200 https://registry.npmjs.org/vary 224ms (cache revalidated)
npm http fetch GET 200 https://registry.npmjs.org/cookie-signature 219ms (cache revalidated)
npm http fetch GET 200 https://registry.npmjs.org/content-type 223ms (cache revalidated)
npm http fetch GET 200 https://registry.npmjs.org/@types%2fqs 238ms (cache revalidated)
npm http fetch GET 200 https://registry.npmjs.org/depd 226ms (cache revalidated)
npm http fetch GET 200 https://registry.npmjs.org/escape-html 232ms (cache revalidated)
npm http fetch GET 200 https://registry.npmjs.org/accepts 244ms (cache revalidated)
npm http fetch GET 200 https://registry.npmjs.org/encodeurl 243ms (cache revalidated)
npm http fetch GET 200 https://registry.npmjs.org/dns-equal 260ms (cache revalidated)
npm http fetch GET 200 https://registry.npmjs.org/finalhandler 245ms (cache revalidated)
npm http fetch GET 200 https://registry.npmjs.org/fresh 245ms (cache revalidated)
npm http fetch GET 200 https://registry.npmjs.org/http-errors 245ms (cache revalidated)
npm http fetch GET 200 https://registry.npmjs.org/path-to-regexp 254ms (cache revalidated)
npm http fetch GET 200 https://registry.npmjs.org/methods 258ms (cache revalidated)
npm http fetch GET 200 https://registry.npmjs.org/range-parser 268ms (cache revalidated)
npm http fetch GET 200 https://registry.npmjs.org/merge-descriptors 273ms (cache revalidated)
npm http fetch GET 200 https://registry.npmjs.org/accepts 291ms (cache revalidated)
npm http fetch GET 200 https://registry.npmjs.org/utils-merge 269ms (cache revalidated)
npm http fetch GET 200 https://registry.npmjs.org/parseurl 277ms (cache revalidated)
npm http fetch GET 200 https://registry.npmjs.org/etag 286ms (cache revalidated)
npm http fetch GET 200 https://registry.npmjs.org/serve-static 279ms (cache revalidated)
npm http fetch GET 200 https://registry.npmjs.org/on-finished 286ms (cache revalidated)
npm http fetch GET 200 https://registry.npmjs.org/send 289ms (cache revalidated)
npm http fetch GET 200 https://registry.npmjs.org/proxy-addr 293ms (cache revalidated)
npm http fetch GET 200 https://registry.npmjs.org/is-wsl 293ms (cache revalidated)
npm http fetch GET 200 https://registry.npmjs.org/statuses 298ms (cache revalidated)
npm http fetch GET 200 https://registry.npmjs.org/shell-quote 304ms (cache revalidated)
npm http fetch GET 200 https://registry.npmjs.org/type-is 307ms (cache revalidated)
npm http fetch GET 200 https://registry.npmjs.org/setprototypeof 310ms (cache revalidated)
npm http fetch GET 200 https://registry.npmjs.org/define-lazy-prop 309ms (cache revalidated)
npm http fetch GET 200 https://registry.npmjs.org/is-docker 311ms (cache revalidated)
npm http fetch GET 200 https://registry.npmjs.org/http-errors 315ms (cache revalidated)
npm http fetch GET 200 https://registry.npmjs.org/ajv-formats 319ms (cache revalidated)
npm http fetch GET 200 https://registry.npmjs.org/retry 323ms (cache revalidated)
npm http fetch GET 200 https://registry.npmjs.org/accepts 327ms (cache revalidated)
npm http fetch GET 200 https://registry.npmjs.org/parseurl 326ms (cache revalidated)
npm http fetch GET 200 https://registry.npmjs.org/@types%2fjson-schema 354ms (cache revalidated)
npm http fetch GET 200 https://registry.npmjs.org/select-hose 343ms (cache revalidated)
npm http fetch GET 200 https://registry.npmjs.org/@types%2fretry 360ms (cache revalidated)
npm http fetch GET 200 https://registry.npmjs.org/batch 355ms (cache revalidated)
npm http fetch GET 200 https://registry.npmjs.org/node-forge 358ms (cache revalidated)
npm http fetch GET 200 https://registry.npmjs.org/faye-websocket 368ms (cache revalidated)
npm http fetch GET 200 https://registry.npmjs.org/handle-thing 363ms (cache revalidated)
npm http fetch GET 200 https://registry.npmjs.org/@types%2fhttp-proxy 380ms (cache revalidated)
npm http fetch GET 200 https://registry.npmjs.org/ajv-keywords 375ms (cache revalidated)
npm http fetch GET 200 https://registry.npmjs.org/websocket-driver 365ms (cache revalidated)
npm http fetch GET 200 https://registry.npmjs.org/spdy-transport 365ms (cache revalidated)
npm http fetch GET 200 https://registry.npmjs.org/http-deceiver 368ms (cache revalidated)
npm http fetch GET 200 https://registry.npmjs.org/memfs 372ms (cache revalidated)
npm http fetch GET 200 https://registry.npmjs.org/range-parser 373ms (cache revalidated)
npm http fetch GET 200 https://registry.npmjs.org/@types%2fsend 71ms (cache revalidated)
npm http fetch GET 200 https://registry.npmjs.org/@types%2frange-parser 91ms (cache revalidated)
npm http fetch GET 200 https://registry.npmjs.org/@types%2fconnect 84ms (cache revalidated)
npm http fetch GET 200 https://registry.npmjs.org/dns-packet 75ms (cache revalidated)
npm http fetch GET 200 https://registry.npmjs.org/thunky 81ms (cache revalidated)
npm http fetch GET 200 https://registry.npmjs.org/negotiator 67ms (cache revalidated)
npm http fetch GET 200 https://registry.npmjs.org/iconv-lite 73ms (cache revalidated)
npm http fetch GET 200 https://registry.npmjs.org/destroy 82ms (cache revalidated)
npm http fetch GET 200 https://registry.npmjs.org/unpipe 80ms (cache revalidated)
npm http fetch GET 200 https://registry.npmjs.org/toidentifier 80ms (cache revalidated)
npm http fetch GET 200 https://registry.npmjs.org/unpipe 84ms (cache revalidated)
npm http fetch GET 200 https://registry.npmjs.org/ee-first 83ms (cache revalidated)
npm http fetch GET 200 https://registry.npmjs.org/forwarded 95ms (cache revalidated)
npm http fetch GET 200 https://registry.npmjs.org/media-typer 96ms (cache revalidated)
npm http fetch GET 200 https://registry.npmjs.org/raw-body 106ms (cache revalidated)
npm http fetch GET 200 https://registry.npmjs.org/mime 100ms (cache revalidated)
npm http fetch GET 200 https://registry.npmjs.org/@leichtgewicht%2fip-codec 157ms (cache revalidated)
npm http fetch GET 200 https://registry.npmjs.org/require-from-string 94ms (cache revalidated)
npm http fetch GET 200 https://registry.npmjs.org/websocket-extensions 76ms (cache revalidated)
npm http fetch GET 200 https://registry.npmjs.org/http-parser-js 86ms (cache revalidated)
npm http fetch GET 200 https://registry.npmjs.org/obuf 76ms (cache revalidated)
npm http fetch GET 200 https://registry.npmjs.org/hpack.js 78ms (cache revalidated)
npm http fetch GET 200 https://registry.npmjs.org/wbuf 81ms (cache revalidated)
npm http fetch GET 200 https://registry.npmjs.org/detect-node 90ms (cache revalidated)
npm http fetch GET 200 https://registry.npmjs.org/minimalistic-assert 100ms (cache revalidated)
npm http fetch GET 200 https://registry.npmjs.org/fs-monkey 87ms (cache revalidated)
npm http fetch GET 200 https://registry.npmjs.org/shallow-clone 61ms (cache revalidated)
npm http fetch GET 200 https://registry.npmjs.org/is-plain-object 72ms (cache revalidated)
npm http fetch GET 200 https://registry.npmjs.org/kind-of 83ms (cache revalidated)
npm http fetch GET 200 https://registry.npmjs.org/isobject 80ms (cache revalidated)
npm http fetch GET 200 https://registry.npmjs.org/pend 85ms (cache revalidated)
npm http fetch GET 200 https://registry.npmjs.org/crc32-stream 89ms (cache revalidated)
npm http fetch GET 200 https://registry.npmjs.org/crc-32 110ms (cache revalidated)
npm http fetch GET 200 https://registry.npmjs.org/sprintf-js 107ms (cache revalidated)
npm http fetch GET 200 https://registry.npmjs.org/p-try 91ms (cache revalidated)
npm http fetch GET 200 https://registry.npmjs.org/@babel%2fruntime-corejs3 103ms (cache revalidated)
npm http fetch GET 200 https://registry.npmjs.org/@jest%2ftypes 123ms (cache revalidated)
npm http fetch GET 200 https://registry.npmjs.org/core-js-pure 83ms (cache revalidated)
npm http fetch GET 200 https://registry.npmjs.org/@types%2fistanbul-lib-coverage 145ms (cache revalidated)
npm http fetch GET 200 https://registry.npmjs.org/@types%2fyargs 144ms (cache revalidated)
npm http fetch GET 200 https://registry.npmjs.org/@types%2fistanbul-reports 162ms (cache revalidated)
npm http fetch GET 200 https://registry.npmjs.org/@types%2fistanbul-lib-report 142ms (cache revalidated)
npm http fetch GET 200 https://registry.npmjs.org/@types%2fyargs-parser 143ms (cache revalidated)
npm http fetch GET 200 https://registry.npmjs.org/buffer-alloc-unsafe 75ms (cache revalidated)
npm http fetch GET 200 https://registry.npmjs.org/buffer-fill 82ms (cache revalidated)
npm http fetch GET 200 https://registry.npmjs.org/pinkie 88ms (cache revalidated)
npm http fetch GET 200 https://registry.npmjs.org/array-uniq 102ms (cache revalidated)
npm http fetch GET 200 https://registry.npmjs.org/acorn 102ms (cache revalidated)
npm http fetch GET 200 https://registry.npmjs.org/@jridgewell%2fsource-map 119ms (cache revalidated)
npm http fetch GET 200 https://registry.npmjs.org/defer-to-connect 89ms (cache revalidated)
npm verb reify failed optional dependency C:\Users\admin\cypress_browserstack\tmpBstackPackages\node_modules\fsevents
npm http fetch POST 200 https://registry.npmjs.org/-/npm/v1/security/advisories/bulk 2727ms
npm WARN deprecated cypress-xpath@2.0.1: Package no longer supported. Contact Support at https://www.npmjs.com/support for more info.
npm WARN deprecated har-validator@5.1.5: this library is no longer supported
npm WARN deprecated querystring@0.2.1: The querystring API is considered Legacy. new code should use the URLSearchParams API instead.
npm WARN deprecated uuid@3.4.0: Please upgrade  to version 7 or higher.  Older versions may use Math.random() in certain circumstances, which is known to be problematic.  See https://v8.dev/blog/math-random for details.
npm WARN deprecated request@2.88.2: request has been deprecated, see https://github.com/request/request/issues/3142
npm WARN deprecated core-js@2.6.12: core-js@<3.23.3 is no longer maintained and not recommended for usage due to the number of issues. Because of the V8 engine whims, feature detection in old core-js versions could cause a slowdown up to 100x even if nothing is polyfilled. Some versions have web compatibility issues. Please, upgrade your dependencies to the actual version of core-js.
npm info run core-js@3.30.2 postinstall node_modules/core-js node -e "try{require('./postinstall')}catch(e){}"
npm info run core-js-pure@3.30.2 postinstall node_modules/core-js-pure node -e "try{require('./postinstall')}catch(e){}"
npm info run cypress@12.14.0 postinstall node_modules/cypress node index.js --exec install
npm info run core-js@2.6.12 postinstall node_modules/babel-runtime/node_modules/core-js node -e "try{require('./postinstall')}catch(e){}"
npm info run core-js@3.30.2 postinstall { code: 0, signal: null }
npm info run core-js-pure@3.30.2 postinstall { code: 0, signal: null }
npm info run core-js@2.6.12 postinstall { code: 0, signal: null }
npm info run cypress@12.14.0 postinstall { code: 0, signal: null }

added 1068 packages, and audited 1069 packages in 56s

168 packages are looking for funding
  run `npm fund` for details

10 vulnerabilities (7 moderate, 3 high)

To address all issues (including breaking changes), run:
  npm audit fix --force

Run `npm audit` for details.
npm verb exit 0
npm info ok 
